<?xml version="1.0" encoding="UTF-8"?>
<!-- Generated by org.testng.reporters.JUnitXMLReporter -->
<testsuite hostname="PC113" ignored="4" name="Default test" tests="2" failures="0" timestamp="08 Mar 2018 05:00:31 GMT" time="22.276" errors="0">
  <testcase name="TestProperty1" time="11.005" classname="testUnit.testUnitExcelFunc"/>
  <testcase name="TestProperty2" time="11.004" classname="testUnit.testUnitExcelFunc"/>
  <testcase name="testGetDataInExcel" time="0.0" classname="testUnit.testUnitExcelFunc">
    <ignored/>
  </testcase> <!-- testGetDataInExcel -->
  <testcase name="testVerificationHelper" time="0.0" classname="testUnit.testUnitExcelFunc">
    <ignored/>
  </testcase> <!-- testVerificationHelper -->
  <testcase name="testStartFail" time="0.0" classname="testUnit.testUnitExcelFunc">
    <ignored/>
  </testcase> <!-- testStartFail -->
  <testcase name="testDropDown" time="0.0" classname="testUnit.testUnitExcelFunc">
    <ignored/>
  </testcase> <!-- testDropDown -->
</testsuite> <!-- Default test -->
