<?xml version="1.0" encoding="UTF-8"?>
<testng-results skipped="0" failed="0" ignored="4" total="6" passed="2">
  <reporter-output>
  </reporter-output>
  <suite name="Default suite" duration-ms="22276" started-at="2018-03-08T05:00:08Z" finished-at="2018-03-08T05:00:31Z">
    <groups>
    </groups>
    <test name="Default test" duration-ms="22276" started-at="2018-03-08T05:00:08Z" finished-at="2018-03-08T05:00:31Z">
      <class name="testUnit.testUnitExcelFunc">
        <test-method status="PASS" signature="loadBrowser()[pri:0, instance:testUnit.testUnitExcelFunc@57d5872c]" name="loadBrowser" is-config="true" duration-ms="6" started-at="2018-03-08T12:00:08Z" finished-at="2018-03-08T12:00:08Z">
          <reporter-output>
          </reporter-output>
        </test-method> <!-- loadBrowser -->
        <test-method status="PASS" signature="beforeMethod(java.lang.reflect.Method)[pri:0, instance:testUnit.testUnitExcelFunc@57d5872c]" name="beforeMethod" is-config="true" duration-ms="3" started-at="2018-03-08T12:00:08Z" finished-at="2018-03-08T12:00:08Z">
          <params>
            <param index="0">
              <value>
                <![CDATA[public void testUnit.testUnitExcelFunc.TestProperty1() throws java.lang.Exception]]>
              </value>
            </param>
          </params>
          <reporter-output>
          </reporter-output>
        </test-method> <!-- beforeMethod -->
        <test-method status="PASS" signature="TestProperty1()[pri:0, instance:testUnit.testUnitExcelFunc@57d5872c]" name="TestProperty1" duration-ms="11005" started-at="2018-03-08T12:00:08Z" finished-at="2018-03-08T12:00:19Z">
          <reporter-output>
          </reporter-output>
        </test-method> <!-- TestProperty1 -->
        <test-method status="PASS" signature="afterMethod(org.testng.ITestResult)[pri:0, instance:testUnit.testUnitExcelFunc@57d5872c]" name="afterMethod" is-config="true" duration-ms="1" started-at="2018-03-08T12:00:19Z" finished-at="2018-03-08T12:00:19Z">
          <params>
            <param index="0">
              <value>
                <![CDATA[[TestResult name=TestProperty1 status=SUCCESS method=testUnitExcelFunc.TestProperty1()[pri:0, instance:testUnit.testUnitExcelFunc@57d5872c] output={null}]]]>
              </value>
            </param>
          </params>
          <reporter-output>
          </reporter-output>
        </test-method> <!-- afterMethod -->
        <test-method status="PASS" signature="TestProperty2()[pri:0, instance:testUnit.testUnitExcelFunc@57d5872c]" name="TestProperty2" duration-ms="11004" started-at="2018-03-08T12:00:19Z" finished-at="2018-03-08T12:00:30Z">
          <reporter-output>
          </reporter-output>
        </test-method> <!-- TestProperty2 -->
        <test-method status="PASS" signature="beforeMethod(java.lang.reflect.Method)[pri:0, instance:testUnit.testUnitExcelFunc@57d5872c]" name="beforeMethod" is-config="true" duration-ms="0" started-at="2018-03-08T12:00:19Z" finished-at="2018-03-08T12:00:19Z">
          <params>
            <param index="0">
              <value>
                <![CDATA[public void testUnit.testUnitExcelFunc.TestProperty2() throws java.lang.Exception]]>
              </value>
            </param>
          </params>
          <reporter-output>
          </reporter-output>
        </test-method> <!-- beforeMethod -->
        <test-method status="PASS" signature="afterMethod(org.testng.ITestResult)[pri:0, instance:testUnit.testUnitExcelFunc@57d5872c]" name="afterMethod" is-config="true" duration-ms="1" started-at="2018-03-08T12:00:30Z" finished-at="2018-03-08T12:00:30Z">
          <params>
            <param index="0">
              <value>
                <![CDATA[[TestResult name=TestProperty2 status=SUCCESS method=testUnitExcelFunc.TestProperty2()[pri:0, instance:testUnit.testUnitExcelFunc@57d5872c] output={null}]]]>
              </value>
            </param>
          </params>
          <reporter-output>
          </reporter-output>
        </test-method> <!-- afterMethod -->
        <test-method status="PASS" signature="endTest()[pri:0, instance:testUnit.testUnitExcelFunc@57d5872c]" name="endTest" is-config="true" duration-ms="237" started-at="2018-03-08T12:00:30Z" finished-at="2018-03-08T12:00:31Z">
          <reporter-output>
          </reporter-output>
        </test-method> <!-- endTest -->
      </class> <!-- testUnit.testUnitExcelFunc -->
    </test> <!-- Default test -->
  </suite> <!-- Default suite -->
</testng-results>
